<?xml version="1.0" encoding="UTF-8"?>
<!-- Generated by org.testng.reporters.JUnitReportReporter -->
<testsuite hostname="DESKTOP-J0E8IM1" failures="0" tests="3" name="tests.BasicAuthTest" time="1.967" errors="0" timestamp="2024-02-15T13:38:34 GMT" skipped="1">
  <testcase classname="tests.BasicAuthTest" name="signInTest" time="0.371"/>
  <testcase classname="tests.BasicAuthTest" name="signInTest" time="1.596"/>
  <testcase classname="tests.BasicAuthTest" name="BasicAuthURLTest">
    <skipped/>
  </testcase> <!-- BasicAuthURLTest -->
</testsuite> <!-- tests.BasicAuthTest -->
