<?xml version="1.0" encoding="UTF-8"?>
<!-- Generated by org.testng.reporters.JUnitReportReporter -->
<testsuite hostname="DESKTOP-J0E8IM1" failures="0" tests="5" name="tests.testAddRemoveElement" time="0.907" errors="0" timestamp="2024-02-15T13:56:18 GMT" skipped="2">
  <testcase classname="tests.testAddRemoveElement" name="testAddRemoveURL" time="0.254"/>
  <system-out/>
  <testcase classname="tests.testAddRemoveElement" name="testRemoveElementBtn" time="0.289"/>
  <system-out/>
  <testcase classname="tests.testAddRemoveElement" name="testAddElementBtn" time="0.364"/>
  <system-out/>
  <testcase classname="tests.testAddRemoveElement" name="testRemoveElementBtnMulti">
    <skipped/>
  </testcase> <!-- testRemoveElementBtnMulti -->
  <system-out/>
  <testcase classname="tests.testAddRemoveElement" name="testAddElementBtnMulti">
    <skipped/>
  </testcase> <!-- testAddElementBtnMulti -->
  <system-out/>
</testsuite> <!-- tests.testAddRemoveElement -->
