<?xml version="1.0" encoding="UTF-8"?>
<!-- Generated by org.testng.reporters.JUnitReportReporter -->
<testsuite hostname="DESKTOP-J0E8IM1" failures="0" tests="2" name="tests.basictest" time="1.811" errors="0" timestamp="2024-02-15T13:56:18 GMT" skipped="0">
  <testcase classname="tests.basictest" name="test1_OpenBrowser" time="1.602"/>
  <system-out/>
  <testcase classname="tests.basictest" name="test2_TestingPOM" time="0.209"/>
  <system-out/>
</testsuite> <!-- tests.basictest -->
